<?xml version="1.0" encoding="UTF-8"?>
<testng-results skipped="0" failed="0" total="1" passed="1">
  <reporter-output>
  </reporter-output>
  <suite name="Default suite" duration-ms="2401" started-at="2017-09-18T14:45:46Z" finished-at="2017-09-18T14:45:49Z">
    <groups>
    </groups>
    <test name="Default test" duration-ms="2401" started-at="2017-09-18T14:45:46Z" finished-at="2017-09-18T14:45:49Z">
      <class name="com.webservice.Weather">
        <test-method status="PASS" signature="testA()[pri:0, instance:com.webservice.Weather@50c87b21]" name="testA" duration-ms="2367" started-at="2017-09-18T10:45:46Z" finished-at="2017-09-18T10:45:49Z">
          <reporter-output>
          </reporter-output>
        </test-method> <!-- testA -->
      </class> <!-- com.webservice.Weather -->
    </test> <!-- Default test -->
  </suite> <!-- Default suite -->
</testng-results>
